c:\code\beginning\day8.sweepmine\day8.sweepmine\debug\vc120.pdb
c:\code\beginning\day8.sweepmine\day8.sweepmine\debug\vc120.idb
c:\code\beginning\day8.sweepmine\day8.sweepmine\debug\test.obj
c:\code\beginning\day8.sweepmine\day8.sweepmine\debug\game.obj
c:\code\beginning\day8.sweepmine\debug\day8.sweepmine.pdb
c:\code\beginning\day8.sweepmine\day8.sweepmine\debug\day8.sweepmine.tlog\cl.command.1.tlog
c:\code\beginning\day8.sweepmine\day8.sweepmine\debug\day8.sweepmine.tlog\cl.read.1.tlog
c:\code\beginning\day8.sweepmine\day8.sweepmine\debug\day8.sweepmine.tlog\cl.write.1.tlog
c:\code\beginning\day8.sweepmine\day8.sweepmine\debug\day8.sweepmine.tlog\link-cvtres.read.1.tlog
c:\code\beginning\day8.sweepmine\day8.sweepmine\debug\day8.sweepmine.tlog\link-cvtres.write.1.tlog
c:\code\beginning\day8.sweepmine\day8.sweepmine\debug\day8.sweepmine.tlog\link-rc.read.1.tlog
c:\code\beginning\day8.sweepmine\day8.sweepmine\debug\day8.sweepmine.tlog\link-rc.write.1.tlog
c:\code\beginning\day8.sweepmine\day8.sweepmine\debug\day8.sweepmine.tlog\link.4780-cvtres.read.1.tlog
c:\code\beginning\day8.sweepmine\day8.sweepmine\debug\day8.sweepmine.tlog\link.4780-cvtres.write.1.tlog
c:\code\beginning\day8.sweepmine\day8.sweepmine\debug\day8.sweepmine.tlog\link.4780-rc.read.1.tlog
c:\code\beginning\day8.sweepmine\day8.sweepmine\debug\day8.sweepmine.tlog\link.4780-rc.write.1.tlog
c:\code\beginning\day8.sweepmine\day8.sweepmine\debug\day8.sweepmine.tlog\link.4780.read.1.tlog
c:\code\beginning\day8.sweepmine\day8.sweepmine\debug\day8.sweepmine.tlog\link.4780.write.1.tlog
c:\code\beginning\day8.sweepmine\day8.sweepmine\debug\day8.sweepmine.tlog\link.command.1.tlog
c:\code\beginning\day8.sweepmine\day8.sweepmine\debug\day8.sweepmine.tlog\link.read.1.tlog
c:\code\beginning\day8.sweepmine\day8.sweepmine\debug\day8.sweepmine.tlog\link.write.1.tlog
