c:\users\blablabla\source\repos\扫雷\扫雷\debug\vc142.pdb
c:\users\blablabla\source\repos\扫雷\扫雷\debug\vc142.idb
c:\users\blablabla\source\repos\扫雷\扫雷\debug\game.obj
c:\users\blablabla\source\repos\扫雷\扫雷\debug\test.obj
c:\users\blablabla\source\repos\扫雷\debug\扫雷.pdb
c:\users\blablabla\source\repos\扫雷\扫雷\debug\扫雷.tlog\cl.command.1.tlog
c:\users\blablabla\source\repos\扫雷\扫雷\debug\扫雷.tlog\cl.read.1.tlog
c:\users\blablabla\source\repos\扫雷\扫雷\debug\扫雷.tlog\cl.write.1.tlog
c:\users\blablabla\source\repos\扫雷\扫雷\debug\扫雷.tlog\link-cvtres.read.1.tlog
c:\users\blablabla\source\repos\扫雷\扫雷\debug\扫雷.tlog\link-cvtres.write.1.tlog
c:\users\blablabla\source\repos\扫雷\扫雷\debug\扫雷.tlog\link-rc.read.1.tlog
c:\users\blablabla\source\repos\扫雷\扫雷\debug\扫雷.tlog\link-rc.write.1.tlog
c:\users\blablabla\source\repos\扫雷\扫雷\debug\扫雷.tlog\link.76272-cvtres.read.1.tlog
c:\users\blablabla\source\repos\扫雷\扫雷\debug\扫雷.tlog\link.76272-cvtres.write.1.tlog
c:\users\blablabla\source\repos\扫雷\扫雷\debug\扫雷.tlog\link.76272-rc.read.1.tlog
c:\users\blablabla\source\repos\扫雷\扫雷\debug\扫雷.tlog\link.76272-rc.write.1.tlog
c:\users\blablabla\source\repos\扫雷\扫雷\debug\扫雷.tlog\link.76272.read.1.tlog
c:\users\blablabla\source\repos\扫雷\扫雷\debug\扫雷.tlog\link.76272.write.1.tlog
c:\users\blablabla\source\repos\扫雷\扫雷\debug\扫雷.tlog\link.command.1.tlog
c:\users\blablabla\source\repos\扫雷\扫雷\debug\扫雷.tlog\link.read.1.tlog
c:\users\blablabla\source\repos\扫雷\扫雷\debug\扫雷.tlog\link.write.1.tlog
