c:\users\blablabla\source\repos\三子棋\三子棋\debug\vc142.pdb
c:\users\blablabla\source\repos\三子棋\三子棋\debug\vc142.idb
c:\users\blablabla\source\repos\三子棋\三子棋\debug\test.obj
c:\users\blablabla\source\repos\三子棋\三子棋\debug\game.obj
c:\users\blablabla\source\repos\三子棋\debug\三子棋.pdb
c:\users\blablabla\source\repos\三子棋\三子棋\debug\三子棋.tlog\cl.command.1.tlog
c:\users\blablabla\source\repos\三子棋\三子棋\debug\三子棋.tlog\cl.read.1.tlog
c:\users\blablabla\source\repos\三子棋\三子棋\debug\三子棋.tlog\cl.write.1.tlog
c:\users\blablabla\source\repos\三子棋\三子棋\debug\三子棋.tlog\link-cvtres.read.1.tlog
c:\users\blablabla\source\repos\三子棋\三子棋\debug\三子棋.tlog\link-cvtres.write.1.tlog
c:\users\blablabla\source\repos\三子棋\三子棋\debug\三子棋.tlog\link-rc.read.1.tlog
c:\users\blablabla\source\repos\三子棋\三子棋\debug\三子棋.tlog\link-rc.write.1.tlog
c:\users\blablabla\source\repos\三子棋\三子棋\debug\三子棋.tlog\link.35684-cvtres.read.1.tlog
c:\users\blablabla\source\repos\三子棋\三子棋\debug\三子棋.tlog\link.35684-cvtres.write.1.tlog
c:\users\blablabla\source\repos\三子棋\三子棋\debug\三子棋.tlog\link.35684-rc.read.1.tlog
c:\users\blablabla\source\repos\三子棋\三子棋\debug\三子棋.tlog\link.35684-rc.write.1.tlog
c:\users\blablabla\source\repos\三子棋\三子棋\debug\三子棋.tlog\link.35684.read.1.tlog
c:\users\blablabla\source\repos\三子棋\三子棋\debug\三子棋.tlog\link.35684.write.1.tlog
c:\users\blablabla\source\repos\三子棋\三子棋\debug\三子棋.tlog\link.command.1.tlog
c:\users\blablabla\source\repos\三子棋\三子棋\debug\三子棋.tlog\link.read.1.tlog
c:\users\blablabla\source\repos\三子棋\三子棋\debug\三子棋.tlog\link.write.1.tlog
